<?xml version="1.0" encoding="UTF-8"?>
<testng-results skipped="0" failed="0" ignored="0" total="1" passed="1">
  <reporter-output>
  </reporter-output>
  <suite name="Default suite" duration-ms="19796" started-at="2021-09-26T23:30:21 IST" finished-at="2021-09-26T23:30:41 IST">
    <groups>
    </groups>
    <test name="Default test" duration-ms="19796" started-at="2021-09-26T23:30:21 IST" finished-at="2021-09-26T23:30:41 IST">
      <class name="com.fleetanddepot.Testcases.FleetandDeport">
        <test-method status="PASS" signature="FleetandDepot()[pri:0, instance:com.fleetanddepot.Testcases.FleetandDeport@3e77a1ed]" name="FleetandDepot" duration-ms="19750" started-at="2021-09-26T23:30:21 IST" finished-at="2021-09-26T23:30:41 IST">
          <reporter-output>
          </reporter-output>
        </test-method> <!-- FleetandDepot -->
      </class> <!-- com.fleetanddepot.Testcases.FleetandDeport -->
    </test> <!-- Default test -->
  </suite> <!-- Default suite -->
</testng-results>
